#
# A fatal error has been detected by the Java Runtime Environment:
#
#  EXCEPTION_STACK_OVERFLOW (0xc00000fd) at pc=0x0000000070f930e7, pid=6592, tid=37028
#
# JRE version: Java(TM) SE Runtime Environment (7.0_65-b19) (build 1.7.0_65-b19)
# Java VM: Java HotSpot(TM) 64-Bit Server VM (24.65-b04 mixed mode windows-amd64 compressed oops)
# Problematic frame:
# C  [msvcr100.dll+0x230e7]
#
# Failed to write core dump. Minidumps are not enabled by default on client versions of Windows
#
# If you would like to submit a bug report, please visit:
#   http://bugreport.sun.com/bugreport/crash.jsp
#

---------------  T H R E A D  ---------------

Current thread (0x00000002c1176800):  JavaThread "Thread-28154" [_thread_new, id=37028, stack(0x00000003165b0000,0x00000003166b0000)]

siginfo: ExceptionCode=0xc00000fd, ExceptionInformation=0x0000000000000001 0x00000003166ad000 

Registers:
RAX=0x0000000000001b30, RBX=0x0000000000000058, RCX=0x0000000000000001, RDX=0x00000003166af1f0
RSP=0x00000003166af0f8, RBP=0x00000003166ad6e0, RSI=0x000000000000002b, RDI=0x0000000000000001
R8 =0x000000000000002b, R9 =0x0000000070f70000, R10=0x00000003166ad000, R11=0x00000003166ad000
R12=0x00000003166af1f0, R13=0x0000000000000000, R14=0x0000000071029b40, R15=0x0000000000000000
RIP=0x0000000070f930e7, EFLAGS=0x0000000000010286

Top of Stack: (sp=0x00000003166af0f8)
0x00000003166af0f8:   0000000000000000 0000000000000200
0x00000003166af108:   0000000070fdcbc2 0000000000000000
0x00000003166af118:   0000000071029b40 0000000000000000
0x00000003166af128:   00000003166af1f0 0000000000000001
0x00000003166af138:   000000000000002b 000000000000002b
0x00000003166af148:   0000000070fdd395 0000000000000058
0x00000003166af158:   000000000000002b 0000000000000001
0x00000003166af168:   0000000000000058 0000000000000000
0x00000003166af178:   0000000000000000 00000000000090a4
0x00000003166af188:   0000000002ea1820 00000003166af1f0
0x00000003166af198:   00000000709bddb7 0000000300000001
0x00000003166af1a8:   00000003166af1f0 00000003166afa00
0x00000003166af1b8:   0000000000000000 0000000000000000
0x00000003166af1c8:   00000000709bbe7f 0000000000000000
0x00000003166af1d8:   00000003166afe40 0000000002ea1820
0x00000003166af1e8:   00000003166af21c 746f48206176614a 

Instructions: (pc=0x0000000070f930e7)
0x0000000070f930c7:   d0 4d 0f 42 d3 65 4c 8b 1c 25 10 00 00 00 4d 3b
0x0000000070f930d7:   d3 73 16 66 41 81 e2 00 f0 4d 8d 9b 00 f0 ff ff
0x0000000070f930e7:   41 c6 03 00 4d 3b d3 75 f0 4c 8b 14 24 4c 8b 5c
0x0000000070f930f7:   24 08 48 83 c4 10 c3 cc cc cc cc cc cc 48 89 5c 


Register to memory mapping:

RAX=0x0000000000001b30 is an unknown value
RBX=0x0000000000000058 is an unknown value
RCX=0x0000000000000001 is an unknown value
RDX=0x00000003166af1f0 is pointing into the stack for thread: 0x00000002c1176800
RSP=0x00000003166af0f8 is pointing into the stack for thread: 0x00000002c1176800
RBP=0x00000003166ad6e0 is pointing into the stack for thread: 0x00000002c1176800
RSI=0x000000000000002b is an unknown value
RDI=0x0000000000000001 is an unknown value
R8 =0x000000000000002b is an unknown value
R9 =